\BOOKMARK [1][-]{section.1}{Introduction}{}% 1
\BOOKMARK [1][-]{section.2}{Bounds}{}% 2
\BOOKMARK [2][-]{subsection.2.1}{On the moments}{section.2}% 3
\BOOKMARK [2][-]{subsection.2.2}{On the distribution function}{section.2}% 4
\BOOKMARK [1][-]{section.3}{Monte Carlo simulation}{}% 5
\BOOKMARK [1][-]{section.4}{Applying the CLT}{}% 6
\BOOKMARK [2][-]{subsection.4.1}{Clark's equations and Sculli's method}{section.4}% 7
\BOOKMARK [3][-]{subsubsection.4.1.1}{Including correlations}{subsection.4.1}% 8
\BOOKMARK [2][-]{subsection.4.2}{The canonical method}{section.4}% 9
\BOOKMARK [2][-]{subsection.4.3}{Kamburowski's bounds}{section.4}% 10
\BOOKMARK [2][-]{subsection.4.4}{Updating approximations}{section.4}% 11
\BOOKMARK [1][-]{section.5}{Path reduction}{}% 12
\BOOKMARK [2][-]{subsection.5.1}{Identifying longest path candidates}{section.5}% 13
\BOOKMARK [2][-]{subsection.5.2}{Approximating the maximum}{section.5}% 14
\BOOKMARK [2][-]{subsection.5.3}{Discussion}{section.5}% 15
\BOOKMARK [1][-]{section.6}{Numerical experiments}{}% 16
\BOOKMARK [2][-]{subsection.6.1}{Graph sets}{section.6}% 17
\BOOKMARK [3][-]{subsubsection.6.1.1}{Cholesky}{subsection.6.1}% 18
\BOOKMARK [3][-]{subsubsection.6.1.2}{STG}{subsection.6.1}% 19
\BOOKMARK [2][-]{subsection.6.2}{Investigating the CLT approach}{section.6}% 20
\BOOKMARK [3][-]{subsubsection.6.2.1}{Generating empirical distributions}{subsection.6.2}% 21
\BOOKMARK [3][-]{subsubsection.6.2.2}{How normal is the longest path distribution?}{subsection.6.2}% 22
\BOOKMARK [3][-]{subsubsection.6.2.3}{How sensitive is the longest path distribution?}{subsection.6.2}% 23
\BOOKMARK [3][-]{subsubsection.6.2.4}{Runtime}{subsection.6.2}% 24
\BOOKMARK [2][-]{subsection.6.3}{Existing bounds and heuristics}{section.6}% 25
\BOOKMARK [3][-]{subsubsection.6.3.1}{Expected value}{subsection.6.3}% 26
\BOOKMARK [3][-]{subsubsection.6.3.2}{Variance}{subsection.6.3}% 27
\BOOKMARK [3][-]{subsubsection.6.3.3}{Efficiency}{subsection.6.3}% 28
\BOOKMARK [2][-]{subsection.6.4}{Path reduction}{section.6}% 29
\BOOKMARK [2][-]{subsection.6.5}{Updating the finish time}{section.6}% 30
\BOOKMARK [1][-]{section.7}{Conclusions}{}% 31
